<?xml version="1.0" encoding="UTF-8"?>
<!-- Generated by org.testng.reporters.JUnitXMLReporter -->
<testsuite ignored="4" hostname="PavanKalyan" failures="0" tests="1" name="Default test" time="0.078" errors="0" timestamp="2024-06-18T11:10:19 IST">
  <testcase classname="kalyan.AllPatterns" name="m4" time="0.017"/>
  <testcase classname="kalyan.AllPatterns" name="m2" time="0.0">
    <ignored/>
  </testcase> <!-- m2 -->
  <testcase classname="kalyan.AllPatterns" name="m5" time="0.0">
    <ignored/>
  </testcase> <!-- m5 -->
  <testcase classname="kalyan.AllPatterns" name="m1" time="0.0">
    <ignored/>
  </testcase> <!-- m1 -->
  <testcase classname="kalyan.AllPatterns" name="m3" time="0.0">
    <ignored/>
  </testcase> <!-- m3 -->
</testsuite> <!-- Default test -->
