<?xml version="1.0" encoding="UTF-8"?>
<testng-results ignored="0" total="1" passed="1" failed="0" skipped="0">
  <reporter-output>
  </reporter-output>
  <suite started-at="2024-06-18T11:10:19 IST" name="Default suite" finished-at="2024-06-18T11:10:19 IST" duration-ms="78">
    <groups>
    </groups>
    <test started-at="2024-06-18T11:10:19 IST" name="Default test" finished-at="2024-06-18T11:10:19 IST" duration-ms="78">
      <class name="kalyan.AllPatterns">
        <test-method signature="m4()[pri:0, instance:kalyan.AllPatterns@4c60d6e9]" started-at="2024-06-18T11:10:19 IST" name="m4" finished-at="2024-06-18T11:10:19 IST" duration-ms="17" status="PASS">
          <reporter-output>
          </reporter-output>
        </test-method> <!-- m4 -->
      </class> <!-- kalyan.AllPatterns -->
    </test> <!-- Default test -->
  </suite> <!-- Default suite -->
</testng-results>
